time="2024-09-15T14:09:02+05:00" level=info msg="Configuration loaded"
time="2024-09-15T14:09:02+05:00" level=info msg="Connected to Postgresql"
time="2024-09-15T14:09:02+05:00" level=info msg="Reporting service listening on :8003"
time="2024-09-15T14:09:21+05:00" level=info msg="Received signal: interrupt"
time="2024-09-15T14:09:26+05:00" level=info msg="Graceful shutdown complete."
time="2024-09-16T15:07:08+05:00" level=info msg="Configuration loaded"
time="2024-09-16T15:07:08+05:00" level=info msg="Connected to Postgresql"
time="2024-09-16T15:07:08+05:00" level=info msg="Reporting service listening on :8003"
time="2024-09-16T17:31:44+05:00" level=info msg="Configuration loaded"
time="2024-09-16T17:31:44+05:00" level=info msg="Connected to Postgresql"
time="2024-09-16T17:31:44+05:00" level=info msg="Reporting service listening on :8003"
time="2024-09-16T17:34:51+05:00" level=info msg="Configuration loaded"
time="2024-09-16T17:34:51+05:00" level=info msg="Connected to Postgresql"
time="2024-09-16T17:34:51+05:00" level=info msg="Reporting service listening on :8003"
time="2024-09-16T17:36:14+05:00" level=info msg="Received signal: interrupt"
time="2024-09-16T17:36:19+05:00" level=info msg="Graceful shutdown complete."
time="2024-09-16T17:36:30+05:00" level=info msg="Configuration loaded"
time="2024-09-16T17:36:30+05:00" level=info msg="Connected to Postgresql"
time="2024-09-16T17:36:30+05:00" level=info msg="Reporting service listening on :8003"
time="2024-09-16T18:00:52+05:00" level=info msg="Received signal: interrupt"
time="2024-09-16T18:00:57+05:00" level=info msg="Graceful shutdown complete."
time="2024-09-16T19:18:35+05:00" level=info msg="Configuration loaded"
time="2024-09-16T19:18:35+05:00" level=info msg="Connected to Postgresql"
time="2024-09-16T19:18:35+05:00" level=info msg="Reporting service listening on :8003"
time="2024-09-16T20:35:18+05:00" level=info msg="GetTotalReports: Fetching total reports"
time="2024-09-16T20:35:18+05:00" level=info msg="GetTotalReports: Successfully retrieved total reports - TotalIncome: 5000, TotalExpenses: 100, NetSavings: 4900"
time="2024-09-16T20:36:03+05:00" level=info msg="GetReportsSpendingByCategory: Fetching spending reports by category"
time="2024-09-16T20:36:03+05:00" level=info msg="GetReportsSpendingByCategory: Successfully retrieved spending reports by category - Count: 2"
time="2024-09-16T20:41:59+05:00" level=info msg="GetTotalReports: Fetching total reports"
time="2024-09-16T20:41:59+05:00" level=info msg="GetTotalReports: Successfully retrieved total reports - TotalIncome: 5000, TotalExpenses: 100, NetSavings: 4900"
time="2024-09-16T20:42:02+05:00" level=info msg="GetReportsSpendingByCategory: Fetching spending reports by category"
time="2024-09-16T20:42:02+05:00" level=info msg="GetReportsSpendingByCategory: Successfully retrieved spending reports by category - Count: 2"
time="2024-09-16T20:43:13+05:00" level=info msg="Received signal: interrupt"
time="2024-09-16T20:43:18+05:00" level=info msg="Graceful shutdown complete."
