time="2024-09-14T22:48:22+05:00" level=info msg="Configuration loaded"
time="2024-09-14T22:48:22+05:00" level=info msg="Connected to Postgresql"
time="2024-09-14T22:48:22+05:00" level=info msg="User-service listening on :8001"
time="2024-09-14T22:48:33+05:00" level=info msg="Received signal: interrupt"
time="2024-09-14T22:48:38+05:00" level=info msg="Graceful shutdown complete."
time="2024-09-16T15:08:01+05:00" level=info msg="Configuration loaded"
time="2024-09-16T15:08:01+05:00" level=info msg="Connected to Postgresql"
time="2024-09-16T15:08:01+05:00" level=info msg="User-service listening on :8001"
time="2024-09-16T15:29:03+05:00" level=info msg="Received signal: interrupt"
time="2024-09-16T15:29:08+05:00" level=info msg="Graceful shutdown complete."
time="2024-09-16T15:29:28+05:00" level=info msg="Configuration loaded"
time="2024-09-16T15:29:28+05:00" level=info msg="Connected to Postgresql"
time="2024-09-16T15:29:28+05:00" level=info msg="User-service listening on :8001"
time="2024-09-16T15:29:33+05:00" level=info msg="Searching user"
time="2024-09-16T15:32:24+05:00" level=info msg="Searching user"
time="2024-09-16T15:33:53+05:00" level=info msg="Searching user"
time="2024-09-16T18:01:07+05:00" level=info msg="Received signal: interrupt"
time="2024-09-16T18:01:12+05:00" level=info msg="Graceful shutdown complete."
time="2024-09-16T19:19:03+05:00" level=info msg="Configuration loaded"
time="2024-09-16T19:19:03+05:00" level=info msg="Connected to Postgresql"
time="2024-09-16T19:19:03+05:00" level=info msg="User-service listening on :8001"
time="2024-09-16T19:21:15+05:00" level=info msg="Received signal: interrupt"
time="2024-09-16T19:21:20+05:00" level=info msg="Graceful shutdown complete."
time="2024-09-16T19:34:22+05:00" level=info msg="Configuration loaded"
time="2024-09-16T19:34:22+05:00" level=info msg="Connected to Postgresql"
time="2024-09-16T19:34:22+05:00" level=info msg="User-service listening on :8001"
time="2024-09-16T19:35:04+05:00" level=info msg="RegisterUser: Registering new user - UserName: pavel"
time="2024-09-16T19:35:04+05:00" level=info msg="RegisterUser: Successfully registered user - UserId: baaa67ae-2e6e-4233-beff-81011299f9e0"
time="2024-09-16T19:36:45+05:00" level=info msg="LoginUser: Attempting login - UserName: pavel"
time="2024-09-16T19:36:45+05:00" level=error msg="LoginUser: Error during login - sql: no rows in result set"
time="2024-09-16T19:38:00+05:00" level=info msg="Received signal: interrupt"
time="2024-09-16T19:38:05+05:00" level=info msg="Graceful shutdown complete."
time="2024-09-16T19:38:06+05:00" level=info msg="Configuration loaded"
time="2024-09-16T19:38:06+05:00" level=info msg="Connected to Postgresql"
time="2024-09-16T19:38:06+05:00" level=info msg="User-service listening on :8001"
time="2024-09-16T19:38:42+05:00" level=info msg="LoginUser: Attempting login - UserName: pavel"
time="2024-09-16T19:38:42+05:00" level=error msg="LoginUser: Error during login - sql: no rows in result set"
time="2024-09-16T19:45:02+05:00" level=info msg="Received signal: interrupt"
time="2024-09-16T19:45:07+05:00" level=info msg="Graceful shutdown complete."
time="2024-09-16T19:57:28+05:00" level=info msg="Configuration loaded"
time="2024-09-16T19:57:28+05:00" level=info msg="Connected to Postgresql"
time="2024-09-16T19:57:28+05:00" level=info msg="User-service listening on :8001"
time="2024-09-16T19:57:41+05:00" level=info msg="LoginUser: Attempting login - UserName: pavel"
time="2024-09-16T19:57:41+05:00" level=info msg="LoginUser: Successfully logged in user - UserId: baaa67ae-2e6e-4233-beff-81011299f9e0"
time="2024-09-16T20:28:26+05:00" level=info msg="LoginUser: Attempting login - UserName: pavel"
time="2024-09-16T20:28:26+05:00" level=error msg="LoginUser: Invalid password"
time="2024-09-16T20:28:38+05:00" level=info msg="LoginUser: Attempting login - UserName: pavel"
time="2024-09-16T20:28:38+05:00" level=info msg="LoginUser: Successfully logged in user - UserId: baaa67ae-2e6e-4233-beff-81011299f9e0"
time="2024-09-16T20:29:14+05:00" level=info msg="GetUsersList: Fetching users list"
time="2024-09-16T20:29:14+05:00" level=info msg="GetUsersList: Successfully retrieved users list - Count: 1"
time="2024-09-16T20:30:02+05:00" level=info msg="GetUserById: Fetching user by ID - UserId: baaa67ae-2e6e-4233-beff-81011299f9e0"
time="2024-09-16T20:30:02+05:00" level=info msg="GetUserById: Successfully retrieved user - UserId: baaa67ae-2e6e-4233-beff-81011299f9e0"
time="2024-09-16T20:42:10+05:00" level=info msg="GetUsersList: Fetching users list"
time="2024-09-16T20:42:10+05:00" level=info msg="GetUsersList: Successfully retrieved users list - Count: 1"
time="2024-09-16T20:42:15+05:00" level=info msg="GetUserById: Fetching user by ID - UserId: baaa67ae-2e6e-4233-beff-81011299f9e0"
time="2024-09-16T20:42:15+05:00" level=info msg="GetUserById: Successfully retrieved user - UserId: baaa67ae-2e6e-4233-beff-81011299f9e0"
time="2024-09-16T20:42:43+05:00" level=info msg="Received signal: interrupt"
time="2024-09-16T20:42:48+05:00" level=info msg="Graceful shutdown complete."
