time="2024-09-15T12:37:04+05:00" level=info msg="Configuration loaded"
time="2024-09-15T12:37:04+05:00" level=info msg="Connected to Postgresql"
time="2024-09-15T12:37:04+05:00" level=info msg="Income expense service listening on :8002"
time="2024-09-15T12:37:13+05:00" level=info msg="Received signal: interrupt"
time="2024-09-15T12:37:18+05:00" level=info msg="Graceful shutdown complete."
time="2024-09-16T15:07:23+05:00" level=info msg="Configuration loaded"
time="2024-09-16T15:07:23+05:00" level=info msg="Connected to Postgresql"
time="2024-09-16T15:07:23+05:00" level=info msg="Income expense service listening on :8002"
time="2024-09-16T16:48:31+05:00" level=info msg="Received signal: interrupt"
time="2024-09-16T16:48:36+05:00" level=info msg="Graceful shutdown complete."
time="2024-09-16T16:49:18+05:00" level=info msg="Configuration loaded"
time="2024-09-16T16:49:18+05:00" level=info msg="Connected to Postgresql"
time="2024-09-16T16:49:18+05:00" level=info msg="Income expense service listening on :8002"
time="2024-09-16T16:56:16+05:00" level=info msg="Received signal: interrupt"
time="2024-09-16T16:56:21+05:00" level=info msg="Graceful shutdown complete."
time="2024-09-16T16:58:28+05:00" level=info msg="Configuration loaded"
time="2024-09-16T16:58:28+05:00" level=info msg="Connected to Postgresql"
time="2024-09-16T16:58:28+05:00" level=info msg="Income expense service listening on :8002"
time="2024-09-16T17:00:28+05:00" level=info msg="Received signal: interrupt"
time="2024-09-16T17:00:33+05:00" level=info msg="Graceful shutdown complete."
time="2024-09-16T17:00:49+05:00" level=info msg="Configuration loaded"
time="2024-09-16T17:00:49+05:00" level=info msg="Connected to Postgresql"
time="2024-09-16T17:00:49+05:00" level=info msg="Income expense service listening on :8002"
time="2024-09-16T18:00:36+05:00" level=info msg="Received signal: interrupt"
time="2024-09-16T18:00:41+05:00" level=info msg="Graceful shutdown complete."
time="2024-09-16T19:18:48+05:00" level=info msg="Configuration loaded"
time="2024-09-16T19:18:48+05:00" level=info msg="Connected to Postgresql"
time="2024-09-16T19:18:48+05:00" level=info msg="Income expense service listening on :8002"
time="2024-09-16T20:31:43+05:00" level=info msg="RegisterIncome: Category ID parsed - ad1c8b08-7c2e-4885-ba50-68c66dd9b578"
time="2024-09-16T20:31:43+05:00" level=info msg="RegisterIncome: Income registered successfully - Transaction ID: 36cee3bd-5e9e-44f1-91e1-835d60a3eb9b"
time="2024-09-16T20:33:21+05:00" level=error msg="RegisterExpense: Error parsing category ID - invalid UUID length: 0"
time="2024-09-16T20:33:29+05:00" level=error msg="RegisterExpense: Error parsing category ID - invalid UUID length: 0"
time="2024-09-16T20:33:39+05:00" level=error msg="RegisterExpense: Error parsing category ID - invalid UUID length: 0"
time="2024-09-16T20:34:08+05:00" level=info msg="RegisterExpense: Category ID parsed - a0fc0dfb-f4c4-4d82-8e5c-7b3680301560"
time="2024-09-16T20:34:08+05:00" level=info msg="RegisterExpense: Expense registered successfully - Transaction ID: dee6cc8f-b455-4239-891f-37faa3aaecd7"
time="2024-09-16T20:34:46+05:00" level=info msg="GetListIncomeVSExpense: Fetching income vs expense list"
time="2024-09-16T20:34:46+05:00" level=info msg="GetListIncomeVSExpense: Successfully retrieved income vs expense list - Count: 2"
time="2024-09-16T20:42:06+05:00" level=info msg="GetListIncomeVSExpense: Fetching income vs expense list"
time="2024-09-16T20:42:06+05:00" level=info msg="GetListIncomeVSExpense: Successfully retrieved income vs expense list - Count: 2"
time="2024-09-16T20:43:08+05:00" level=info msg="Received signal: interrupt"
time="2024-09-16T20:43:13+05:00" level=info msg="Graceful shutdown complete."
time="2024-09-18T09:11:49+05:00" level=info msg="Configuration loaded"
time="2024-09-18T09:11:49+05:00" level=info msg="Connected to Postgresql"
time="2024-09-18T09:11:49+05:00" level=info msg="Income expense service listening on :8002"
time="2024-09-18T09:56:48+05:00" level=info msg="Configuration loaded"
time="2024-09-18T09:56:48+05:00" level=info msg="Connected to Postgresql"
time="2024-09-18T09:56:48+05:00" level=info msg="Income expense service listening on :8002"
time="2024-09-18T10:03:10+05:00" level=error msg="Error parsing UUID: invalid UUID length: 0"
time="2024-09-18T10:17:34+05:00" level=info msg="Received signal: interrupt"
time="2024-09-18T10:17:39+05:00" level=info msg="Graceful shutdown complete."
time="2024-09-18T10:17:40+05:00" level=info msg="Configuration loaded"
time="2024-09-18T10:17:40+05:00" level=info msg="Connected to Postgresql"
time="2024-09-18T10:17:40+05:00" level=info msg="Income expense service listening on :8002"
time="2024-09-18T10:17:44+05:00" level=info msg="RegisterIncome: User ID parsed - 9289a245-3c11-4d7a-b6b1-eb129c9c97f1"
time="2024-09-18T10:17:44+05:00" level=error msg="Error parsing UUID: invalid UUID length: 0"
time="2024-09-18T10:19:07+05:00" level=info msg="RegisterIncome: User ID parsed - 9289a245-3c11-4d7a-b6b1-eb129c9c97f1"
time="2024-09-18T10:19:07+05:00" level=error msg="Error parsing UUID: invalid UUID length: 37ad1c8b08-7c2e-4885-ba50-68c66dd9b578 "
time="2024-09-18T10:19:25+05:00" level=info msg="RegisterIncome: User ID parsed - 9289a245-3c11-4d7a-b6b1-eb129c9c97f1"
time="2024-09-18T10:19:25+05:00" level=info msg="RegisterIncome: Category ID parsed - ad1c8b08-7c2e-4885-ba50-68c66dd9b578"
time="2024-09-18T10:19:25+05:00" level=info msg="RegisterIncome: Income registered successfully - Transaction ID: 95c9c77f-55d4-40c2-a4d1-047d8fda8783"
time="2024-09-18T10:25:41+05:00" level=info msg="RegisterExpense: Category ID parsed - 9289a245-3c11-4d7a-b6b1-eb129c9c97f1"
time="2024-09-18T10:25:41+05:00" level=error msg="RegisterExpense: Error registering expense - pq: insert or update on table \"transactions\" violates foreign key constraint \"transactions_category_id_fkey\""
time="2024-09-18T10:27:06+05:00" level=info msg="RegisterExpense: Category ID parsed - 9289a245-3c11-4d7a-b6b1-eb129c9c97f1"
time="2024-09-18T10:27:06+05:00" level=error msg="RegisterExpense: Error registering expense - pq: insert or update on table \"transactions\" violates foreign key constraint \"transactions_category_id_fkey\""
time="2024-09-18T10:30:58+05:00" level=info msg="Received signal: interrupt"
time="2024-09-18T10:31:03+05:00" level=info msg="Graceful shutdown complete."
time="2024-09-18T10:31:05+05:00" level=info msg="Configuration loaded"
time="2024-09-18T10:31:05+05:00" level=info msg="Connected to Postgresql"
time="2024-09-18T10:31:05+05:00" level=info msg="Income expense service listening on :8002"
time="2024-09-18T10:31:08+05:00" level=info msg="RegisterExpense: Category ID parsed - a0fc0dfb-f4c4-4d82-8e5c-7b3680301560"
time="2024-09-18T10:31:08+05:00" level=info msg="RegisterExpense: Expense registered successfully - Transaction ID: dcbccc70-d291-445c-979d-ab4027776af1"
time="2024-09-18T10:31:22+05:00" level=info msg="GetListIncomeVSExpense: Fetching income vs expense list"
time="2024-09-18T10:31:22+05:00" level=info msg="GetListIncomeVSExpense: Successfully retrieved income vs expense list - Count: 2"
time="2024-09-18T10:35:45+05:00" level=info msg="Received signal: interrupt"
time="2024-09-18T10:35:50+05:00" level=info msg="Graceful shutdown complete."
time="2024-09-19T00:13:45+05:00" level=info msg="Configuration loaded"
time="2024-09-19T00:13:45+05:00" level=info msg="Connected to Postgresql"
time="2024-09-19T00:13:45+05:00" level=info msg="Initializing Kafka producer with address:broker:9092"
time="2024-09-19T00:13:45+05:00" level=info msg="Kafka client initialized successfully"
time="2024-09-19T00:13:45+05:00" level=info msg="Producer started succesfully"
time="2024-09-19T00:13:45+05:00" level=info msg="Income expense service listening on :8002"
time="2024-09-19T00:19:22+05:00" level=info msg="RegisterIncome: User ID parsed - 450ddf3c-553a-4c34-ba44-560ecc614b73"
time="2024-09-19T00:19:22+05:00" level=info msg="RegisterIncome: Category ID parsed - ad1c8b08-7c2e-4885-ba50-68c66dd9b578"
time="2024-09-19T00:19:22+05:00" level=info msg="RegisterIncome: Income registered successfully - Transaction ID: b04b7702-cb8c-413b-9692-6901987b63c0"
time="2024-09-19T00:20:03+05:00" level=info msg="RegisterExpense: Category ID parsed - a0fc0dfb-f4c4-4d82-8e5c-7b3680301560"
time="2024-09-19T00:20:03+05:00" level=info msg="RegisterExpense: Expense registered successfully - Transaction ID: 6de8dcee-460e-4e58-aab4-d69e5201b9bc"
time="2024-09-19T00:24:58+05:00" level=info msg="GetListIncomeVSExpense: Fetching income vs expense list"
time="2024-09-19T00:24:58+05:00" level=info msg="GetListIncomeVSExpense: Successfully retrieved income vs expense list - Count: 2"
time="2024-09-19T00:25:08+05:00" level=info msg="RegisterExpense: Category ID parsed - a0fc0dfb-f4c4-4d82-8e5c-7b3680301560"
time="2024-09-19T00:25:08+05:00" level=info msg="RegisterExpense: Expense registered successfully - Transaction ID: 1bb7d2c7-7dfb-48ad-85e1-aa9525c2cf51"
time="2024-09-19T00:25:11+05:00" level=info msg="RegisterExpense: Category ID parsed - a0fc0dfb-f4c4-4d82-8e5c-7b3680301560"
time="2024-09-19T00:25:11+05:00" level=info msg="RegisterExpense: Expense registered successfully - Transaction ID: 65f58f2e-c9fd-4d0c-bc08-3dff255236ca"
time="2024-09-19T00:25:13+05:00" level=info msg="RegisterExpense: Category ID parsed - a0fc0dfb-f4c4-4d82-8e5c-7b3680301560"
time="2024-09-19T00:25:13+05:00" level=info msg="Producing message to topic:notifications with key:xadichamahkamovaa@gmail.com"
time="2024-09-19T00:28:59+05:00" level=info msg="Received signal: interrupt"
time="2024-09-19T00:29:42+05:00" level=info msg="Configuration loaded"
time="2024-09-19T00:29:42+05:00" level=info msg="Connected to Postgresql"
time="2024-09-19T00:29:42+05:00" level=info msg="Initializing Kafka producer with address:localhost:9092"
time="2024-09-19T00:29:42+05:00" level=info msg="Kafka client initialized successfully"
time="2024-09-19T00:29:42+05:00" level=info msg="Producer started succesfully"
time="2024-09-19T00:29:42+05:00" level=info msg="Income expense service listening on :8002"
time="2024-09-19T00:30:12+05:00" level=info msg="RegisterExpense: Category ID parsed - a0fc0dfb-f4c4-4d82-8e5c-7b3680301560"
time="2024-09-19T00:30:12+05:00" level=info msg="Producing message to topic:notifications with key:xadichamahkamovaa@gmail.com"
time="2024-09-19T05:13:05+05:00" level=info msg="Configuration loaded"
time="2024-09-19T05:13:05+05:00" level=info msg="Connected to Postgresql"
time="2024-09-19T05:13:05+05:00" level=info msg="Initializing Kafka producer with address:localhost:9092"
time="2024-09-19T05:13:05+05:00" level=info msg="Kafka client initialized successfully"
time="2024-09-19T05:13:05+05:00" level=info msg="Producer started succesfully"
time="2024-09-19T05:13:05+05:00" level=info msg="Income expense service listening on :8002"
time="2024-09-19T05:18:07+05:00" level=info msg="RegisterExpense: Category ID parsed - a0fc0dfb-f4c4-4d82-8e5c-7b3680301560"
time="2024-09-19T05:18:07+05:00" level=info msg="Producing message to topic:notifications with key:xadichamahkamovaa@gmail.com"
time="2024-09-19T05:22:48+05:00" level=info msg="Configuration loaded"
time="2024-09-19T05:22:48+05:00" level=info msg="Connected to Postgresql"
time="2024-09-19T05:22:48+05:00" level=info msg="Initializing Kafka producer with address:localhost:9092"
time="2024-09-19T05:22:48+05:00" level=info msg="Kafka client initialized successfully"
time="2024-09-19T05:22:48+05:00" level=info msg="Producer started succesfully"
time="2024-09-19T05:22:48+05:00" level=info msg="Income expense service listening on :8002"
time="2024-09-19T05:23:19+05:00" level=info msg="RegisterExpense: Category ID parsed - a0fc0dfb-f4c4-4d82-8e5c-7b3680301560"
time="2024-09-19T05:23:19+05:00" level=info msg="Producing message to topic:budgets with key:xadichamahkamovaa@gmail.com"
time="2024-09-19T05:28:23+05:00" level=info msg="Configuration loaded"
time="2024-09-19T05:28:23+05:00" level=info msg="Connected to Postgresql"
time="2024-09-19T05:28:23+05:00" level=info msg="Initializing Kafka producer with address:localhost:9092"
time="2024-09-19T05:28:23+05:00" level=info msg="Kafka client initialized successfully"
time="2024-09-19T05:28:23+05:00" level=info msg="Producer started succesfully"
time="2024-09-19T05:28:23+05:00" level=info msg="Income expense service listening on :8002"
time="2024-09-19T05:29:55+05:00" level=info msg="RegisterExpense: Category ID parsed - a0fc0dfb-f4c4-4d82-8e5c-7b3680301560"
time="2024-09-19T05:29:55+05:00" level=info msg="Producing message to topic:budgets with key:xadichamahkamovaa@gmail.com"
