time="2024-09-16T15:07:50+05:00" level=info msg="Configuration loaded"
time="2024-09-16T15:07:50+05:00" level=info msg="Connected to Postgresql"
time="2024-09-16T15:07:50+05:00" level=info msg="Budget service listening on :8004"
time="2024-09-16T17:52:01+05:00" level=info msg="Received signal: interrupt"
time="2024-09-16T17:52:06+05:00" level=info msg="Graceful shutdown complete."
time="2024-09-16T17:52:08+05:00" level=info msg="Configuration loaded"
time="2024-09-16T17:52:08+05:00" level=info msg="Connected to Postgresql"
time="2024-09-16T17:52:08+05:00" level=info msg="Budget service listening on :8004"
time="2024-09-16T18:00:18+05:00" level=info msg="Received signal: interrupt"
time="2024-09-16T18:00:23+05:00" level=info msg="Graceful shutdown complete."
time="2024-09-16T19:18:57+05:00" level=info msg="Configuration loaded"
time="2024-09-16T19:18:57+05:00" level=info msg="Connected to Postgresql"
time="2024-09-16T19:18:57+05:00" level=info msg="Budget service listening on :8004"
time="2024-09-16T20:37:45+05:00" level=info msg="CreateBudget: Creating budget - CategoryId: a0fc0dfb-f4c4-4d82-8e5c-7b3680301560, Amount: 300, Currency: USD"
time="2024-09-16T20:37:45+05:00" level=info msg="CreateBudget: Budget created successfully - BudgetId: 2e77b58f-6615-47c7-b8c9-8ef5ce37ef63"
time="2024-09-16T20:38:18+05:00" level=info msg="GetListBudget: Fetching list of budgets"
time="2024-09-16T20:38:18+05:00" level=info msg="GetListBudget: Successfully retrieved budgets list - Count: 1"
time="2024-09-16T20:39:14+05:00" level=info msg="UpdateBudget: Updating budget - BudgetId: 2e77b58f-6615-47c7-b8c9-8ef5ce37ef63, Amount: 400"
time="2024-09-16T20:39:14+05:00" level=info msg="UpdateBudget: Budget updated successfully - BudgetId: 2e77b58f-6615-47c7-b8c9-8ef5ce37ef63"
time="2024-09-16T20:39:25+05:00" level=info msg="GetListBudget: Fetching list of budgets"
time="2024-09-16T20:39:25+05:00" level=info msg="GetListBudget: Successfully retrieved budgets list - Count: 1"
time="2024-09-16T20:41:52+05:00" level=info msg="GetListBudget: Fetching list of budgets"
time="2024-09-16T20:41:52+05:00" level=info msg="GetListBudget: Successfully retrieved budgets list - Count: 1"
time="2024-09-16T20:43:05+05:00" level=info msg="Received signal: interrupt"
time="2024-09-16T20:43:10+05:00" level=info msg="Graceful shutdown complete."
time="2024-09-17T10:02:58+05:00" level=info msg="Configuration loaded"
time="2024-09-17T10:02:58+05:00" level=info msg="Connected to Postgresql"
time="2024-09-17T10:02:58+05:00" level=info msg="Budget service listening on :8004"
time="2024-09-17T10:04:24+05:00" level=info msg="GetListBudget: Fetching list of budgets"
time="2024-09-17T10:05:45+05:00" level=info msg="Configuration loaded"
time="2024-09-17T10:05:45+05:00" level=info msg="Connected to Postgresql"
time="2024-09-17T10:05:45+05:00" level=info msg="Budget service listening on :8004"
time="2024-09-17T10:05:49+05:00" level=info msg="GetListBudget: Fetching list of budgets"
time="2024-09-17T10:05:49+05:00" level=info msg="GetListBudget: Successfully retrieved budgets list - Count: 1"
time="2024-09-17T10:06:12+05:00" level=info msg="Received signal: interrupt"
time="2024-09-17T10:06:17+05:00" level=info msg="Graceful shutdown complete."
time="2024-09-18T09:11:59+05:00" level=info msg="Configuration loaded"
time="2024-09-18T09:11:59+05:00" level=info msg="Connected to Postgresql"
time="2024-09-18T09:11:59+05:00" level=info msg="Budget service listening on :8004"
time="2024-09-18T09:56:53+05:00" level=info msg="Configuration loaded"
time="2024-09-18T09:56:53+05:00" level=info msg="Connected to Postgresql"
time="2024-09-18T09:56:53+05:00" level=info msg="Budget service listening on :8004"
time="2024-09-18T10:32:39+05:00" level=info msg="CreateBudget: Creating budget - CategoryId: a0fc0dfb-f4c4-4d82-8e5c-7b3680301560, Amount: 300, Currency: USD"
time="2024-09-18T10:32:39+05:00" level=error msg="CreateBudget: Error creating budget - pq: insert or update on table \"budgets\" violates foreign key constraint \"budgets_category_id_fkey\""
time="2024-09-18T10:33:34+05:00" level=info msg="Received signal: interrupt"
time="2024-09-18T10:33:39+05:00" level=info msg="Graceful shutdown complete."
time="2024-09-18T10:33:40+05:00" level=info msg="Configuration loaded"
time="2024-09-18T10:33:40+05:00" level=info msg="Connected to Postgresql"
time="2024-09-18T10:33:40+05:00" level=info msg="Budget service listening on :8004"
time="2024-09-18T10:33:44+05:00" level=info msg="CreateBudget: Creating budget - CategoryId: a0fc0dfb-f4c4-4d82-8e5c-7b3680301560, Amount: 300, Currency: USD"
time="2024-09-18T10:33:44+05:00" level=info msg="CreateBudget: Budget created successfully - BudgetId: e4816d84-e0db-441f-9d18-9724e12fe4f7"
time="2024-09-18T10:34:03+05:00" level=info msg="GetListBudget: Fetching list of budgets"
time="2024-09-18T10:34:03+05:00" level=info msg="GetListBudget: Successfully retrieved budgets list - Count: 1"
time="2024-09-18T10:34:44+05:00" level=info msg="UpdateBudget: Updating budget - BudgetId: e4816d84-e0db-441f-9d18-9724e12fe4f7, Amount: 400"
time="2024-09-18T10:34:44+05:00" level=info msg="UpdateBudget: Budget updated successfully - BudgetId: e4816d84-e0db-441f-9d18-9724e12fe4f7"
time="2024-09-18T10:35:48+05:00" level=info msg="Received signal: interrupt"
time="2024-09-18T10:35:53+05:00" level=info msg="Graceful shutdown complete."
