time="2024-09-18T15:47:40+05:00" level=info msg="Configuration loaded successfully"
time="2024-09-18T15:47:40+05:00" level=info msg="Kafka client created successfully"
time="2024-09-18T15:47:40+05:00" level=info msg="Notification service listening on::8005"
time="2024-09-19T00:23:37+05:00" level=info msg="Configuration loaded successfully"
time="2024-09-19T00:23:37+05:00" level=info msg="Kafka client created successfully"
time="2024-09-19T00:23:37+05:00" level=info msg="Notification service listening on :8005"
time="2024-09-19T00:23:41+05:00" level=info msg="New WebSocket client connected"
time="2024-09-19T00:29:48+05:00" level=info msg="Configuration loaded successfully"
time="2024-09-19T00:29:48+05:00" level=info msg="Kafka client created successfully"
time="2024-09-19T00:29:48+05:00" level=info msg="Notification service listening on :8005"
time="2024-09-19T00:29:48+05:00" level=fatal msg="listen tcp :8005: bind: address already in use"
time="2024-09-19T00:30:03+05:00" level=info msg="Configuration loaded successfully"
time="2024-09-19T00:30:03+05:00" level=info msg="Kafka client created successfully"
time="2024-09-19T00:30:03+05:00" level=info msg="Notification service listening on :8005"
time="2024-09-19T00:30:44+05:00" level=info msg="New WebSocket client connected"
time="2024-09-19T05:13:19+05:00" level=info msg="Configuration loaded successfully"
time="2024-09-19T05:13:19+05:00" level=info msg="Kafka client created successfully"
time="2024-09-19T05:13:19+05:00" level=info msg="Notification service listening on :8005"
time="2024-09-19T05:14:37+05:00" level=info msg="New WebSocket client connected"
time="2024-09-19T05:20:12+05:00" level=info msg="Configuration loaded successfully"
time="2024-09-19T05:20:12+05:00" level=info msg="Kafka client created successfully"
time="2024-09-19T05:20:12+05:00" level=info msg="Notification service listening on :8005"
time="2024-09-19T05:20:12+05:00" level=fatal msg="listen tcp :8005: bind: address already in use"
time="2024-09-19T05:20:27+05:00" level=info msg="Configuration loaded successfully"
time="2024-09-19T05:20:27+05:00" level=info msg="Kafka client created successfully"
time="2024-09-19T05:20:27+05:00" level=info msg="Notification service listening on :8005"
time="2024-09-19T05:23:13+05:00" level=info msg="Configuration loaded successfully"
time="2024-09-19T05:23:13+05:00" level=info msg="Kafka client created successfully"
time="2024-09-19T05:23:13+05:00" level=info msg="Notification service listening on :8005"
time="2024-09-19T05:27:41+05:00" level=info msg="Configuration loaded successfully"
time="2024-09-19T05:27:41+05:00" level=info msg="Kafka client created successfully"
time="2024-09-19T05:27:41+05:00" level=info msg="Notification service listening on :8005"
time="2024-09-19T05:27:41+05:00" level=fatal msg="listen tcp :8005: bind: address already in use"
