time="2024-09-15T20:09:12+05:00" level=fatal msg="Failed to load configuration:open config/config.yml: no such file or directory"
time="2024-09-15T20:09:25+05:00" level=info msg="Configuration loaded successfully"
time="2024-09-15T20:09:25+05:00" level=info msg="Connected to User Service"
time="2024-09-15T20:09:25+05:00" level=info msg="Connected to Income Expense Service"
time="2024-09-15T20:09:25+05:00" level=info msg="Connected to Budget Service"
time="2024-09-15T20:09:25+05:00" level=info msg="Connected to Reporting Service"
time="2024-09-15T20:09:25+05:00" level=info msg="Service clients initialized"
time="2024-09-15T20:09:25+05:00" level=info msg="Starting API Gateway on address::9000"
time="2024-09-15T20:09:25+05:00" level=info msg="Starting API Gateway on: :9000"
time="2024-09-15T20:09:32+05:00" level=info msg="Configuration loaded successfully"
time="2024-09-15T20:09:32+05:00" level=info msg="Connected to User Service"
time="2024-09-15T20:09:32+05:00" level=info msg="Connected to Income Expense Service"
time="2024-09-15T20:09:32+05:00" level=info msg="Connected to Budget Service"
time="2024-09-15T20:09:32+05:00" level=info msg="Connected to Reporting Service"
time="2024-09-15T20:09:32+05:00" level=info msg="Service clients initialized"
time="2024-09-15T20:09:32+05:00" level=info msg="Starting API Gateway on address::9000"
time="2024-09-15T20:09:32+05:00" level=info msg="Starting API Gateway on: :9000"
time="2024-09-15T20:09:34+05:00" level=info msg="Received signal:interrupt"
time="2024-09-15T20:09:34+05:00" level=fatal msg="http: Server closed"
time="2024-09-16T15:06:59+05:00" level=info msg="Configuration loaded successfully"
time="2024-09-16T15:06:59+05:00" level=info msg="Connected to User Service"
time="2024-09-16T15:06:59+05:00" level=info msg="Connected to Income Expense Service"
time="2024-09-16T15:06:59+05:00" level=info msg="Connected to Budget Service"
time="2024-09-16T15:06:59+05:00" level=info msg="Connected to Reporting Service"
time="2024-09-16T15:06:59+05:00" level=info msg="Service clients initialized"
time="2024-09-16T15:06:59+05:00" level=info msg="Starting API Gateway on address::9000"
time="2024-09-16T15:06:59+05:00" level=info msg="Starting API Gateway on: :9000"
time="2024-09-16T15:32:18+05:00" level=info msg="Received signal:interrupt"
time="2024-09-16T15:32:18+05:00" level=fatal msg="http: Server closed"
time="2024-09-16T15:32:20+05:00" level=info msg="Configuration loaded successfully"
time="2024-09-16T15:32:20+05:00" level=info msg="Connected to User Service"
time="2024-09-16T15:32:20+05:00" level=info msg="Connected to Income Expense Service"
time="2024-09-16T15:32:20+05:00" level=info msg="Connected to Budget Service"
time="2024-09-16T15:32:20+05:00" level=info msg="Connected to Reporting Service"
time="2024-09-16T15:32:20+05:00" level=info msg="Service clients initialized"
time="2024-09-16T15:32:20+05:00" level=info msg="Starting API Gateway on address::9000"
time="2024-09-16T15:32:20+05:00" level=info msg="Starting API Gateway on: :9000"
time="2024-09-16T15:33:47+05:00" level=info msg="Received signal:interrupt"
time="2024-09-16T15:33:47+05:00" level=fatal msg="http: Server closed"
time="2024-09-16T15:33:49+05:00" level=info msg="Configuration loaded successfully"
time="2024-09-16T15:33:49+05:00" level=info msg="Connected to User Service"
time="2024-09-16T15:33:49+05:00" level=info msg="Connected to Income Expense Service"
time="2024-09-16T15:33:49+05:00" level=info msg="Connected to Budget Service"
time="2024-09-16T15:33:49+05:00" level=info msg="Connected to Reporting Service"
time="2024-09-16T15:33:49+05:00" level=info msg="Service clients initialized"
time="2024-09-16T15:33:49+05:00" level=info msg="Starting API Gateway on address::9000"
time="2024-09-16T15:33:49+05:00" level=info msg="Starting API Gateway on: :9000"
time="2024-09-16T16:42:17+05:00" level=info msg="Received signal:interrupt"
time="2024-09-16T16:42:17+05:00" level=fatal msg="http: Server closed"
time="2024-09-16T16:42:19+05:00" level=info msg="Configuration loaded successfully"
time="2024-09-16T16:42:19+05:00" level=info msg="Connected to User Service"
time="2024-09-16T16:42:19+05:00" level=info msg="Connected to Income Expense Service"
time="2024-09-16T16:42:19+05:00" level=info msg="Connected to Budget Service"
time="2024-09-16T16:42:19+05:00" level=info msg="Connected to Reporting Service"
time="2024-09-16T16:42:19+05:00" level=info msg="Service clients initialized"
time="2024-09-16T16:42:19+05:00" level=info msg="Starting API Gateway on address::9000"
time="2024-09-16T16:42:19+05:00" level=info msg="Starting API Gateway on: :9000"
time="2024-09-16T16:58:23+05:00" level=info msg="Received signal:interrupt"
time="2024-09-16T16:58:23+05:00" level=fatal msg="http: Server closed"
time="2024-09-16T16:58:24+05:00" level=info msg="Configuration loaded successfully"
time="2024-09-16T16:58:24+05:00" level=info msg="Connected to User Service"
time="2024-09-16T16:58:24+05:00" level=info msg="Connected to Income Expense Service"
time="2024-09-16T16:58:24+05:00" level=info msg="Connected to Budget Service"
time="2024-09-16T16:58:24+05:00" level=info msg="Connected to Reporting Service"
time="2024-09-16T16:58:24+05:00" level=info msg="Service clients initialized"
time="2024-09-16T16:58:24+05:00" level=info msg="Starting API Gateway on address::9000"
time="2024-09-16T16:58:24+05:00" level=info msg="Starting API Gateway on: :9000"
time="2024-09-16T17:53:13+05:00" level=info msg="Received signal:interrupt"
time="2024-09-16T17:53:13+05:00" level=fatal msg="http: Server closed"
time="2024-09-16T17:55:33+05:00" level=info msg="Configuration loaded successfully"
time="2024-09-16T17:55:33+05:00" level=info msg="Connected to User Service"
time="2024-09-16T17:55:33+05:00" level=info msg="Connected to Income Expense Service"
time="2024-09-16T17:55:33+05:00" level=info msg="Connected to Budget Service"
time="2024-09-16T17:55:33+05:00" level=info msg="Connected to Reporting Service"
time="2024-09-16T17:55:33+05:00" level=info msg="Service clients initialized"
time="2024-09-16T17:55:33+05:00" level=info msg="Starting API Gateway on address::9000"
time="2024-09-16T17:55:33+05:00" level=info msg="Starting API Gateway on: :9000"
time="2024-09-16T18:00:15+05:00" level=info msg="Received signal:interrupt"
time="2024-09-16T18:00:15+05:00" level=fatal msg="http: Server closed"
time="2024-09-16T19:18:16+05:00" level=info msg="Configuration loaded successfully"
time="2024-09-16T19:18:16+05:00" level=info msg="Connected to User Service"
time="2024-09-16T19:18:16+05:00" level=info msg="Connected to Income Expense Service"
time="2024-09-16T19:18:16+05:00" level=info msg="Connected to Budget Service"
time="2024-09-16T19:18:16+05:00" level=info msg="Connected to Reporting Service"
time="2024-09-16T19:18:16+05:00" level=info msg="Service clients initialized"
time="2024-09-16T19:18:16+05:00" level=info msg="Starting API Gateway on address::9000"
time="2024-09-16T19:18:16+05:00" level=info msg="Starting API Gateway on: :9000"
time="2024-09-16T19:35:04+05:00" level=info msg="RegisterUser: Successfully registered user - pavel"
time="2024-09-16T19:36:45+05:00" level=error msg="LoginUser: Service error - rpc error: code = Unknown desc = sql: no rows in result set"
time="2024-09-16T19:38:42+05:00" level=error msg="LoginUser: Service error - rpc error: code = Unknown desc = sql: no rows in result set"
time="2024-09-16T19:57:41+05:00" level=info msg="LoginUser: Successfully logged in user - paveldurov@gmail.com"
time="2024-09-16T20:02:20+05:00" level=info msg="Received signal:interrupt"
time="2024-09-16T20:02:20+05:00" level=fatal msg="http: Server closed"
time="2024-09-16T20:27:58+05:00" level=info msg="Configuration loaded successfully"
time="2024-09-16T20:27:58+05:00" level=info msg="Connected to User Service"
time="2024-09-16T20:27:58+05:00" level=info msg="Connected to Income Expense Service"
time="2024-09-16T20:27:58+05:00" level=info msg="Connected to Budget Service"
time="2024-09-16T20:27:58+05:00" level=info msg="Connected to Reporting Service"
time="2024-09-16T20:27:58+05:00" level=info msg="Service clients initialized"
time="2024-09-16T20:27:58+05:00" level=info msg="Starting API Gateway on address::9000"
time="2024-09-16T20:27:58+05:00" level=info msg="Starting API Gateway on: :9000"
time="2024-09-16T20:28:26+05:00" level=error msg="LoginUser: Service error - rpc error: code = Unknown desc = invalid password"
time="2024-09-16T20:28:38+05:00" level=info msg="LoginUser: Successfully logged in user - paveldurov@gmail.com"
time="2024-09-16T20:29:14+05:00" level=info msg="GetUsersList: Successfully retrieved users list - 1"
time="2024-09-16T20:30:02+05:00" level=info msg="GetUserById: Successfully retrieved user - ID: paveldurov@gmail.com"
time="2024-09-16T20:31:43+05:00" level=info msg="RegisterIncome: Successfully registered income36cee3bd-5e9e-44f1-91e1-835d60a3eb9b"
time="2024-09-16T20:33:21+05:00" level=error msg="RegisterExpense: Service error - rpc error: code = Unknown desc = invalid UUID length: 0"
time="2024-09-16T20:33:29+05:00" level=error msg="RegisterExpense: Service error - rpc error: code = Unknown desc = invalid UUID length: 0"
time="2024-09-16T20:33:39+05:00" level=error msg="RegisterExpense: Service error - rpc error: code = Unknown desc = invalid UUID length: 0"
time="2024-09-16T20:34:08+05:00" level=info msg="RegisterExpense: Successfully registered expensedee6cc8f-b455-4239-891f-37faa3aaecd7"
time="2024-09-16T20:34:46+05:00" level=info msg="GetListIncomeVSExpense: Successfully retrieved transactions - 2"
time="2024-09-16T20:35:18+05:00" level=info msg="GetTotalReports: Successfully retrieved reports"
time="2024-09-16T20:36:03+05:00" level=info msg="GetReportsByCategory: Successfully retrieved reports by category"
time="2024-09-16T20:37:45+05:00" level=info msg="CreateBudget: Successfully created budget - 2e77b58f-6615-47c7-b8c9-8ef5ce37ef63"
time="2024-09-16T20:38:18+05:00" level=info msg="GetListBudget: Successfully retrieved list budgets - 1"
time="2024-09-16T20:39:14+05:00" level=info msg="UpdateBudhet: Successfully updated budget"
time="2024-09-16T20:39:25+05:00" level=info msg="GetListBudget: Successfully retrieved list budgets - 1"
time="2024-09-16T20:41:45+05:00" level=info msg="Received signal:interrupt"
time="2024-09-16T20:41:45+05:00" level=fatal msg="http: Server closed"
time="2024-09-16T20:41:48+05:00" level=info msg="Configuration loaded successfully"
time="2024-09-16T20:41:48+05:00" level=info msg="Connected to User Service"
time="2024-09-16T20:41:48+05:00" level=info msg="Connected to Income Expense Service"
time="2024-09-16T20:41:48+05:00" level=info msg="Connected to Budget Service"
time="2024-09-16T20:41:48+05:00" level=info msg="Connected to Reporting Service"
time="2024-09-16T20:41:48+05:00" level=info msg="Service clients initialized"
time="2024-09-16T20:41:48+05:00" level=info msg="Starting API Gateway on address::9000"
time="2024-09-16T20:41:48+05:00" level=info msg="Starting API Gateway on: :9000"
time="2024-09-16T20:41:52+05:00" level=info msg="Authorization header:Bearer eyJhbGciOiJIUzI1NiIsInR5cCI6IkpXVCJ9.eyJleHAiOjE3MjY1ODY5MTgsImlhdCI6MTcyNjUwMDUxOCwidXNlcl9lbWFpbCI6InBhdmVsZHVyb3ZAZ21haWwuY29tIiwidXNlcl9pZCI6ImJhYWE2N2FlLTJlNmUtNDIzMy1iZWZmLTgxMDExMjk5ZjllMCJ9.soqQsDiPGhOYBtMPaoYegm7VMldS49Dzj5Tw48E1dKw"
time="2024-09-16T20:41:52+05:00" level=info msg="Request URL:/api/v1/budgets"
time="2024-09-16T20:41:52+05:00" level=info msg="GetListBudget: Successfully retrieved list budgets - 1"
time="2024-09-16T20:41:59+05:00" level=info msg="Authorization header:Bearer eyJhbGciOiJIUzI1NiIsInR5cCI6IkpXVCJ9.eyJleHAiOjE3MjY1ODY5MTgsImlhdCI6MTcyNjUwMDUxOCwidXNlcl9lbWFpbCI6InBhdmVsZHVyb3ZAZ21haWwuY29tIiwidXNlcl9pZCI6ImJhYWE2N2FlLTJlNmUtNDIzMy1iZWZmLTgxMDExMjk5ZjllMCJ9.soqQsDiPGhOYBtMPaoYegm7VMldS49Dzj5Tw48E1dKw"
time="2024-09-16T20:41:59+05:00" level=info msg="Request URL:/api/v1/reports/income-expense"
time="2024-09-16T20:41:59+05:00" level=info msg="GetTotalReports: Successfully retrieved reports"
time="2024-09-16T20:42:02+05:00" level=info msg="Authorization header:Bearer eyJhbGciOiJIUzI1NiIsInR5cCI6IkpXVCJ9.eyJleHAiOjE3MjY1ODY5MTgsImlhdCI6MTcyNjUwMDUxOCwidXNlcl9lbWFpbCI6InBhdmVsZHVyb3ZAZ21haWwuY29tIiwidXNlcl9pZCI6ImJhYWE2N2FlLTJlNmUtNDIzMy1iZWZmLTgxMDExMjk5ZjllMCJ9.soqQsDiPGhOYBtMPaoYegm7VMldS49Dzj5Tw48E1dKw"
time="2024-09-16T20:42:02+05:00" level=info msg="Request URL:/api/v1/reports/spending-by-category"
time="2024-09-16T20:42:02+05:00" level=info msg="GetReportsByCategory: Successfully retrieved reports by category"
time="2024-09-16T20:42:06+05:00" level=info msg="Authorization header:Bearer eyJhbGciOiJIUzI1NiIsInR5cCI6IkpXVCJ9.eyJleHAiOjE3MjY1ODY5MTgsImlhdCI6MTcyNjUwMDUxOCwidXNlcl9lbWFpbCI6InBhdmVsZHVyb3ZAZ21haWwuY29tIiwidXNlcl9pZCI6ImJhYWE2N2FlLTJlNmUtNDIzMy1iZWZmLTgxMDExMjk5ZjllMCJ9.soqQsDiPGhOYBtMPaoYegm7VMldS49Dzj5Tw48E1dKw"
time="2024-09-16T20:42:06+05:00" level=info msg="Request URL:/api/v1/transactions"
time="2024-09-16T20:42:06+05:00" level=info msg="GetListIncomeVSExpense: Successfully retrieved transactions - 2"
time="2024-09-16T20:42:10+05:00" level=info msg="Authorization header:Bearer eyJhbGciOiJIUzI1NiIsInR5cCI6IkpXVCJ9.eyJleHAiOjE3MjY1ODY5MTgsImlhdCI6MTcyNjUwMDUxOCwidXNlcl9lbWFpbCI6InBhdmVsZHVyb3ZAZ21haWwuY29tIiwidXNlcl9pZCI6ImJhYWE2N2FlLTJlNmUtNDIzMy1iZWZmLTgxMDExMjk5ZjllMCJ9.soqQsDiPGhOYBtMPaoYegm7VMldS49Dzj5Tw48E1dKw"
time="2024-09-16T20:42:10+05:00" level=info msg="Request URL:/api/v1/users/profile"
time="2024-09-16T20:42:10+05:00" level=info msg="GetUsersList: Successfully retrieved users list - 1"
time="2024-09-16T20:42:15+05:00" level=info msg="Authorization header:Bearer eyJhbGciOiJIUzI1NiIsInR5cCI6IkpXVCJ9.eyJleHAiOjE3MjY1ODY5MTgsImlhdCI6MTcyNjUwMDUxOCwidXNlcl9lbWFpbCI6InBhdmVsZHVyb3ZAZ21haWwuY29tIiwidXNlcl9pZCI6ImJhYWE2N2FlLTJlNmUtNDIzMy1iZWZmLTgxMDExMjk5ZjllMCJ9.soqQsDiPGhOYBtMPaoYegm7VMldS49Dzj5Tw48E1dKw"
time="2024-09-16T20:42:15+05:00" level=info msg="Request URL:/api/v1/users/profile/baaa67ae-2e6e-4233-beff-81011299f9e0"
time="2024-09-16T20:42:15+05:00" level=info msg="GetUserById: Successfully retrieved user - ID: paveldurov@gmail.com"
time="2024-09-16T20:42:23+05:00" level=info msg="Received signal:interrupt"
time="2024-09-16T20:42:23+05:00" level=fatal msg="http: Server closed"
time="2024-09-17T10:01:59+05:00" level=info msg="Configuration loaded successfully"
time="2024-09-17T10:01:59+05:00" level=info msg="Connected to User Service"
time="2024-09-17T10:01:59+05:00" level=info msg="Connected to Income Expense Service"
time="2024-09-17T10:01:59+05:00" level=info msg="Connected to Budget Service"
time="2024-09-17T10:01:59+05:00" level=info msg="Connected to Reporting Service"
time="2024-09-17T10:01:59+05:00" level=info msg="Service clients initialized"
time="2024-09-17T10:01:59+05:00" level=info msg="Starting API Gateway on address::9000"
time="2024-09-17T10:01:59+05:00" level=info msg="Starting API Gateway on: :9000"
time="2024-09-17T10:04:01+05:00" level=info msg="Authorization header:"
time="2024-09-17T10:04:01+05:00" level=info msg="Request URL:/api/v1/users/login"
time="2024-09-17T10:04:01+05:00" level=info msg="LoginUser: Successfully logged in user - paveldurov@gmail.com"
time="2024-09-17T10:04:24+05:00" level=info msg="Authorization header:Bearer eyJhbGciOiJIUzI1NiIsInR5cCI6IkpXVCJ9.eyJleHAiOjE3MjY2MzU4NDEsImlhdCI6MTcyNjU0OTQ0MSwidXNlcl9lbWFpbCI6InBhdmVsZHVyb3ZAZ21haWwuY29tIiwidXNlcl9pZCI6ImJhYWE2N2FlLTJlNmUtNDIzMy1iZWZmLTgxMDExMjk5ZjllMCJ9.T5-lcOMf4FnYl3rWJ_kn2Rp1frZYsr8JMKRhoJ0aoQQ"
time="2024-09-17T10:04:24+05:00" level=info msg="Request URL:/api/v1/budgets"
time="2024-09-17T10:04:24+05:00" level=error msg="GetListBudget: Service error - rpc error: code = Unavailable desc = error reading from server: EOF"
time="2024-09-17T10:05:49+05:00" level=info msg="Authorization header:Bearer eyJhbGciOiJIUzI1NiIsInR5cCI6IkpXVCJ9.eyJleHAiOjE3MjY2MzU4NDEsImlhdCI6MTcyNjU0OTQ0MSwidXNlcl9lbWFpbCI6InBhdmVsZHVyb3ZAZ21haWwuY29tIiwidXNlcl9pZCI6ImJhYWE2N2FlLTJlNmUtNDIzMy1iZWZmLTgxMDExMjk5ZjllMCJ9.T5-lcOMf4FnYl3rWJ_kn2Rp1frZYsr8JMKRhoJ0aoQQ"
time="2024-09-17T10:05:49+05:00" level=info msg="Request URL:/api/v1/budgets"
time="2024-09-17T10:05:49+05:00" level=info msg="GetListBudget: Successfully retrieved list budgets - 1"
time="2024-09-17T10:09:59+05:00" level=info msg="Received signal:interrupt"
time="2024-09-17T10:09:59+05:00" level=fatal msg="http: Server closed"
time="2024-09-18T09:12:06+05:00" level=info msg="Configuration loaded successfully"
time="2024-09-18T09:12:06+05:00" level=info msg="Connected to User Service"
time="2024-09-18T09:12:06+05:00" level=info msg="Connected to Income Expense Service"
time="2024-09-18T09:12:06+05:00" level=info msg="Connected to Budget Service"
time="2024-09-18T09:12:06+05:00" level=info msg="Connected to Reporting Service"
time="2024-09-18T09:12:06+05:00" level=info msg="Service clients initialized"
time="2024-09-18T09:12:06+05:00" level=info msg="Starting API Gateway on address::9000"
time="2024-09-18T09:12:06+05:00" level=info msg="Starting API Gateway on: :9000"
time="2024-09-18T09:12:17+05:00" level=info msg="Received signal:interrupt"
time="2024-09-18T09:12:17+05:00" level=fatal msg="http: Server closed"
time="2024-09-18T09:12:39+05:00" level=info msg="Configuration loaded successfully"
time="2024-09-18T09:12:39+05:00" level=info msg="Connected to User Service"
time="2024-09-18T09:12:39+05:00" level=info msg="Connected to Income Expense Service"
time="2024-09-18T09:12:39+05:00" level=info msg="Connected to Budget Service"
time="2024-09-18T09:12:39+05:00" level=info msg="Connected to Reporting Service"
time="2024-09-18T09:12:39+05:00" level=info msg="Service clients initialized"
time="2024-09-18T09:12:39+05:00" level=info msg="Starting API Gateway on address::9000"
time="2024-09-18T09:12:39+05:00" level=info msg="Starting API Gateway on: :9000"
time="2024-09-18T09:13:42+05:00" level=info msg="Authorization header:"
time="2024-09-18T09:13:42+05:00" level=info msg="Request URL:/api/v1/users/login"
time="2024-09-18T09:13:42+05:00" level=error msg="LoginUser: Service error - rpc error: code = Unknown desc = pq: relation \"users\" does not exist"
time="2024-09-18T09:14:12+05:00" level=info msg="Authorization header:"
time="2024-09-18T09:14:12+05:00" level=info msg="Request URL:/api/v1/users/login"
time="2024-09-18T09:14:12+05:00" level=error msg="LoginUser: Service error - rpc error: code = Unknown desc = sql: no rows in result set"
time="2024-09-18T09:14:54+05:00" level=info msg="Authorization header:"
time="2024-09-18T09:14:54+05:00" level=info msg="Request URL:/api/v1/users"
time="2024-09-18T09:14:54+05:00" level=info msg="RegisterUser: Successfully registered user - xadicha"
time="2024-09-18T09:15:18+05:00" level=info msg="Authorization header:"
time="2024-09-18T09:15:18+05:00" level=info msg="Request URL:/api/v1/users/login"
time="2024-09-18T09:15:18+05:00" level=info msg="LoginUser: Successfully logged in user - xadicha@gmail.com"
time="2024-09-18T09:15:52+05:00" level=info msg="Authorization header:Bearer eyJhbGciOiJIUzI1NiIsInR5cCI6IkpXVCJ9.eyJleHAiOjE3MjY3MTkzMTgsImlhdCI6MTcyNjYzMjkxOCwidXNlcl9lbWFpbCI6InhhZGljaGFAZ21haWwuY29tIiwidXNlcl9pZCI6IjkyODlhMjQ1LTNjMTEtNGQ3YS1iNmIxLWViMTI5YzljOTdmMSJ9.XgFKCI11XqUvK1PzfUIu1hcy0MPe6vyRRPkR940eCm"
time="2024-09-18T09:15:52+05:00" level=info msg="Request URL:/api/v1/users/profile"
time="2024-09-18T09:16:44+05:00" level=info msg="Authorization header:Bearer eyJhbGciOiJIUzI1NiIsInR5cCI6IkpXVCJ9.eyJleHAiOjE3MjY3MTkzMTgsImlhdCI6MTcyNjYzMjkxOCwidXNlcl9lbWFpbCI6InhhZGljaGFAZ21haWwuY29tIiwidXNlcl9pZCI6IjkyODlhMjQ1LTNjMTEtNGQ3YS1iNmIxLWViMTI5YzljOTdmMSJ9.XgFKCI11XqUvK1PzfUIu1hcy0MPe6vyRRPkR940eCmY"
time="2024-09-18T09:16:44+05:00" level=info msg="Request URL:/api/v1/users/profile"
time="2024-09-18T09:16:44+05:00" level=info msg="USER ID: 9289a245-3c11-4d7a-b6b1-eb129c9c97f1"
time="2024-09-18T09:16:44+05:00" level=info msg="GetUsersList: Successfully retrieved users list - 1"
time="2024-09-18T09:17:18+05:00" level=info msg="Authorization header:Bearer eyJhbGciOiJIUzI1NiIsInR5cCI6IkpXVCJ9.eyJleHAiOjE3MjY3MTkzMTgsImlhdCI6MTcyNjYzMjkxOCwidXNlcl9lbWFpbCI6InhhZGljaGFAZ21haWwuY29tIiwidXNlcl9pZCI6IjkyODlhMjQ1LTNjMTEtNGQ3YS1iNmIxLWViMTI5YzljOTdmMSJ9.XgFKCI11XqUvK1PzfUIu1hcy0MPe6vyRRPkR940eCmY"
time="2024-09-18T09:17:18+05:00" level=info msg="Request URL:/api/v1/users/profile/9289a245-3c11-4d7a-b6b1-eb129c9c97f1"
time="2024-09-18T09:17:18+05:00" level=info msg="USER ID: 9289a245-3c11-4d7a-b6b1-eb129c9c97f1"
time="2024-09-18T09:17:18+05:00" level=info msg="GetUserById: Successfully retrieved user - ID: xadicha@gmail.com"
time="2024-09-18T09:19:37+05:00" level=info msg="Authorization header:Bearer eyJhbGciOiJIUzI1NiIsInR5cCI6IkpXVCJ9.eyJleHAiOjE3MjY3MTkzMTgsImlhdCI6MTcyNjYzMjkxOCwidXNlcl9lbWFpbCI6InhhZGljaGFAZ21haWwuY29tIiwidXNlcl9pZCI6IjkyODlhMjQ1LTNjMTEtNGQ3YS1iNmIxLWViMTI5YzljOTdmMSJ9.XgFKCI11XqUvK1PzfUIu1hcy0MPe6vyRRPkR940eCmY"
time="2024-09-18T09:19:37+05:00" level=info msg="Request URL:/api/v1/transactions/income"
time="2024-09-18T09:19:37+05:00" level=info msg="USER ID: 9289a245-3c11-4d7a-b6b1-eb129c9c97f1"
time="2024-09-18T09:22:13+05:00" level=info msg="Received signal:interrupt"
time="2024-09-18T09:22:13+05:00" level=fatal msg="http: Server closed"
time="2024-09-18T09:57:00+05:00" level=info msg="Configuration loaded successfully"
time="2024-09-18T09:57:00+05:00" level=info msg="Redis connected"
time="2024-09-18T09:57:00+05:00" level=info msg="Connected to User Service"
time="2024-09-18T09:57:00+05:00" level=info msg="Connected to Income Expense Service"
time="2024-09-18T09:57:00+05:00" level=info msg="Connected to Budget Service"
time="2024-09-18T09:57:00+05:00" level=info msg="Connected to Reporting Service"
time="2024-09-18T09:57:00+05:00" level=info msg="Service clients initialized"
time="2024-09-18T09:57:00+05:00" level=info msg="Starting API Gateway on address::9000"
time="2024-09-18T09:57:00+05:00" level=info msg="Starting API Gateway on: :9000"
time="2024-09-18T09:57:22+05:00" level=info msg="Authorization header:"
time="2024-09-18T09:57:22+05:00" level=info msg="Request URL:/api/v1/users/login"
time="2024-09-18T09:57:22+05:00" level=info msg="LoginUser: Successfully logged in user - xadicha@gmail.com"
time="2024-09-18T09:58:01+05:00" level=info msg="Authorization header:Bearer eyJhbGciOiJIUzI1NiIsInR5cCI6IkpXVCJ9.eyJleHAiOjE3MjY3MjE4NDIsImlhdCI6MTcyNjYzNTQ0MiwidXNlcl9lbWFpbCI6InhhZGljaGFAZ21haWwuY29tIiwidXNlcl9pZCI6IjkyODlhMjQ1LTNjMTEtNGQ3YS1iNmIxLWViMTI5YzljOTdmMSJ9.qb3TWrPhJSiLEUSra9m9blsjGudu4fD4PrjaG7xJHrE"
time="2024-09-18T09:58:01+05:00" level=info msg="Request URL:/api/v1/users/profile"
time="2024-09-18T09:58:01+05:00" level=info msg="Redis data name and durationmap[data_name:9289a245-3c11-4d7a-b6b1-eb129c9c97f1User duration:23h59m59.999999479s]"
time="2024-09-18T09:58:01+05:00" level=info msg="Set UserID to Redis is successfully"
time="2024-09-18T09:58:01+05:00" level=info msg="USER ID:9289a245-3c11-4d7a-b6b1-eb129c9c97f1"
time="2024-09-18T09:58:01+05:00" level=info msg="GetUsersList: Successfully retrieved users list - 1"
time="2024-09-18T09:58:13+05:00" level=info msg="Authorization header:Bearer eyJhbGciOiJIUzI1NiIsInR5cCI6IkpXVCJ9.eyJleHAiOjE3MjY3MjE4NDIsImlhdCI6MTcyNjYzNTQ0MiwidXNlcl9lbWFpbCI6InhhZGljaGFAZ21haWwuY29tIiwidXNlcl9pZCI6IjkyODlhMjQ1LTNjMTEtNGQ3YS1iNmIxLWViMTI5YzljOTdmMSJ9.qb3TWrPhJSiLEUSra9m9blsjGudu4fD4PrjaG7xJHrE"
time="2024-09-18T09:58:13+05:00" level=info msg="Request URL:/api/v1/transactions/income"
time="2024-09-18T09:58:13+05:00" level=info msg="Redis data name and durationmap[data_name:9289a245-3c11-4d7a-b6b1-eb129c9c97f1User duration:23h59m59.999999108s]"
time="2024-09-18T09:58:13+05:00" level=info msg="Set UserID to Redis is successfully"
time="2024-09-18T09:58:13+05:00" level=info msg="USER ID:9289a245-3c11-4d7a-b6b1-eb129c9c97f1"
time="2024-09-18T10:01:22+05:00" level=info msg="Received signal:interrupt"
time="2024-09-18T10:01:22+05:00" level=fatal msg="http: Server closed"
time="2024-09-18T10:01:24+05:00" level=info msg="Configuration loaded successfully"
time="2024-09-18T10:01:24+05:00" level=info msg="Redis connected"
time="2024-09-18T10:01:24+05:00" level=info msg="Connected to User Service"
time="2024-09-18T10:01:24+05:00" level=info msg="Connected to Income Expense Service"
time="2024-09-18T10:01:24+05:00" level=info msg="Connected to Budget Service"
time="2024-09-18T10:01:24+05:00" level=info msg="Connected to Reporting Service"
time="2024-09-18T10:01:24+05:00" level=info msg="Service clients initialized"
time="2024-09-18T10:01:24+05:00" level=info msg="Starting API Gateway on address::9000"
time="2024-09-18T10:01:24+05:00" level=info msg="Starting API Gateway on: :9000"
time="2024-09-18T10:01:28+05:00" level=info msg="Authorization header:Bearer eyJhbGciOiJIUzI1NiIsInR5cCI6IkpXVCJ9.eyJleHAiOjE3MjY3MjE4NDIsImlhdCI6MTcyNjYzNTQ0MiwidXNlcl9lbWFpbCI6InhhZGljaGFAZ21haWwuY29tIiwidXNlcl9pZCI6IjkyODlhMjQ1LTNjMTEtNGQ3YS1iNmIxLWViMTI5YzljOTdmMSJ9.qb3TWrPhJSiLEUSra9m9blsjGudu4fD4PrjaG7xJHrE"
time="2024-09-18T10:01:28+05:00" level=info msg="Request URL:/api/v1/transactions/income"
time="2024-09-18T10:01:28+05:00" level=info msg="Redis data name and durationmap[data_name:9289a245-3c11-4d7a-b6b1-eb129c9c97f1User duration:23h59m59.999999625s]"
time="2024-09-18T10:01:28+05:00" level=info msg="Set UserID to Redis is successfully"
time="2024-09-18T10:01:28+05:00" level=info msg="USER ID:9289a245-3c11-4d7a-b6b1-eb129c9c97f1"
time="2024-09-18T10:03:06+05:00" level=info msg="Received signal:interrupt"
time="2024-09-18T10:03:06+05:00" level=fatal msg="http: Server closed"
time="2024-09-18T10:03:08+05:00" level=info msg="Configuration loaded successfully"
time="2024-09-18T10:03:08+05:00" level=info msg="Redis connected"
time="2024-09-18T10:03:08+05:00" level=info msg="Connected to User Service"
time="2024-09-18T10:03:08+05:00" level=info msg="Connected to Income Expense Service"
time="2024-09-18T10:03:08+05:00" level=info msg="Connected to Budget Service"
time="2024-09-18T10:03:08+05:00" level=info msg="Connected to Reporting Service"
time="2024-09-18T10:03:08+05:00" level=info msg="Service clients initialized"
time="2024-09-18T10:03:08+05:00" level=info msg="Starting API Gateway on address::9000"
time="2024-09-18T10:03:08+05:00" level=info msg="Starting API Gateway on: :9000"
time="2024-09-18T10:03:10+05:00" level=info msg="Authorization header:Bearer eyJhbGciOiJIUzI1NiIsInR5cCI6IkpXVCJ9.eyJleHAiOjE3MjY3MjE4NDIsImlhdCI6MTcyNjYzNTQ0MiwidXNlcl9lbWFpbCI6InhhZGljaGFAZ21haWwuY29tIiwidXNlcl9pZCI6IjkyODlhMjQ1LTNjMTEtNGQ3YS1iNmIxLWViMTI5YzljOTdmMSJ9.qb3TWrPhJSiLEUSra9m9blsjGudu4fD4PrjaG7xJHrE"
time="2024-09-18T10:03:10+05:00" level=info msg="Request URL:/api/v1/transactions/income"
time="2024-09-18T10:03:10+05:00" level=info msg="Redis data name and durationmap[data_name:9289a245-3c11-4d7a-b6b1-eb129c9c97f1User duration:23h59m59.999999529s]"
time="2024-09-18T10:03:10+05:00" level=info msg="Set UserID to Redis is successfully"
time="2024-09-18T10:03:10+05:00" level=info msg="USER ID:9289a245-3c11-4d7a-b6b1-eb129c9c97f1"
time="2024-09-18T10:03:10+05:00" level=error msg="RegisterIncome: Service error - rpc error: code = Unknown desc = invalid UUID length: 0"
time="2024-09-18T10:17:44+05:00" level=info msg="Authorization header:Bearer eyJhbGciOiJIUzI1NiIsInR5cCI6IkpXVCJ9.eyJleHAiOjE3MjY3MjE4NDIsImlhdCI6MTcyNjYzNTQ0MiwidXNlcl9lbWFpbCI6InhhZGljaGFAZ21haWwuY29tIiwidXNlcl9pZCI6IjkyODlhMjQ1LTNjMTEtNGQ3YS1iNmIxLWViMTI5YzljOTdmMSJ9.qb3TWrPhJSiLEUSra9m9blsjGudu4fD4PrjaG7xJHrE"
time="2024-09-18T10:17:44+05:00" level=info msg="Request URL:/api/v1/transactions/income"
time="2024-09-18T10:17:44+05:00" level=info msg="Redis data name and durationmap[data_name:9289a245-3c11-4d7a-b6b1-eb129c9c97f1User duration:23h59m59.99999947s]"
time="2024-09-18T10:17:44+05:00" level=info msg="Set UserID to Redis is successfully"
time="2024-09-18T10:17:44+05:00" level=info msg="USER ID:9289a245-3c11-4d7a-b6b1-eb129c9c97f1"
time="2024-09-18T10:17:44+05:00" level=error msg="RegisterIncome: Service error - rpc error: code = Unknown desc = invalid UUID length: 0"
time="2024-09-18T10:19:07+05:00" level=info msg="Authorization header:Bearer eyJhbGciOiJIUzI1NiIsInR5cCI6IkpXVCJ9.eyJleHAiOjE3MjY3MjE4NDIsImlhdCI6MTcyNjYzNTQ0MiwidXNlcl9lbWFpbCI6InhhZGljaGFAZ21haWwuY29tIiwidXNlcl9pZCI6IjkyODlhMjQ1LTNjMTEtNGQ3YS1iNmIxLWViMTI5YzljOTdmMSJ9.qb3TWrPhJSiLEUSra9m9blsjGudu4fD4PrjaG7xJHrE"
time="2024-09-18T10:19:07+05:00" level=info msg="Request URL:/api/v1/transactions/income"
time="2024-09-18T10:19:07+05:00" level=info msg="Redis data name and durationmap[data_name:9289a245-3c11-4d7a-b6b1-eb129c9c97f1User duration:23h59m59.99999926s]"
time="2024-09-18T10:19:07+05:00" level=info msg="Set UserID to Redis is successfully"
time="2024-09-18T10:19:07+05:00" level=info msg="USER ID:9289a245-3c11-4d7a-b6b1-eb129c9c97f1"
time="2024-09-18T10:19:07+05:00" level=error msg="RegisterIncome: Service error - rpc error: code = Unknown desc = invalid UUID length: 37"
time="2024-09-18T10:19:25+05:00" level=info msg="Authorization header:Bearer eyJhbGciOiJIUzI1NiIsInR5cCI6IkpXVCJ9.eyJleHAiOjE3MjY3MjE4NDIsImlhdCI6MTcyNjYzNTQ0MiwidXNlcl9lbWFpbCI6InhhZGljaGFAZ21haWwuY29tIiwidXNlcl9pZCI6IjkyODlhMjQ1LTNjMTEtNGQ3YS1iNmIxLWViMTI5YzljOTdmMSJ9.qb3TWrPhJSiLEUSra9m9blsjGudu4fD4PrjaG7xJHrE"
time="2024-09-18T10:19:25+05:00" level=info msg="Request URL:/api/v1/transactions/income"
time="2024-09-18T10:19:25+05:00" level=info msg="Redis data name and durationmap[data_name:9289a245-3c11-4d7a-b6b1-eb129c9c97f1User duration:23h59m59.999999318s]"
time="2024-09-18T10:19:25+05:00" level=info msg="Set UserID to Redis is successfully"
time="2024-09-18T10:19:25+05:00" level=info msg="USER ID:9289a245-3c11-4d7a-b6b1-eb129c9c97f1"
time="2024-09-18T10:19:25+05:00" level=info msg="RegisterIncome: Successfully registered income95c9c77f-55d4-40c2-a4d1-047d8fda8783"
time="2024-09-18T10:25:41+05:00" level=info msg="Authorization header:Bearer eyJhbGciOiJIUzI1NiIsInR5cCI6IkpXVCJ9.eyJleHAiOjE3MjY3MjE4NDIsImlhdCI6MTcyNjYzNTQ0MiwidXNlcl9lbWFpbCI6InhhZGljaGFAZ21haWwuY29tIiwidXNlcl9pZCI6IjkyODlhMjQ1LTNjMTEtNGQ3YS1iNmIxLWViMTI5YzljOTdmMSJ9.qb3TWrPhJSiLEUSra9m9blsjGudu4fD4PrjaG7xJHrE"
time="2024-09-18T10:25:41+05:00" level=info msg="Request URL:/api/v1/transactions/expense"
time="2024-09-18T10:25:41+05:00" level=info msg="Redis data name and durationmap[data_name:9289a245-3c11-4d7a-b6b1-eb129c9c97f1User duration:23h59m59.999999554s]"
time="2024-09-18T10:25:41+05:00" level=info msg="Set UserID to Redis is successfully"
time="2024-09-18T10:25:41+05:00" level=info msg="USER ID:9289a245-3c11-4d7a-b6b1-eb129c9c97f1"
time="2024-09-18T10:25:41+05:00" level=error msg="RegisterExpense: Service error - rpc error: code = Unknown desc = pq: insert or update on table \"transactions\" violates foreign key constraint \"transactions_category_id_fkey\""
time="2024-09-18T10:27:06+05:00" level=info msg="Authorization header:Bearer eyJhbGciOiJIUzI1NiIsInR5cCI6IkpXVCJ9.eyJleHAiOjE3MjY3MjE4NDIsImlhdCI6MTcyNjYzNTQ0MiwidXNlcl9lbWFpbCI6InhhZGljaGFAZ21haWwuY29tIiwidXNlcl9pZCI6IjkyODlhMjQ1LTNjMTEtNGQ3YS1iNmIxLWViMTI5YzljOTdmMSJ9.qb3TWrPhJSiLEUSra9m9blsjGudu4fD4PrjaG7xJHrE"
time="2024-09-18T10:27:06+05:00" level=info msg="Request URL:/api/v1/transactions/expense"
time="2024-09-18T10:27:06+05:00" level=info msg="Redis data name and durationmap[data_name:9289a245-3c11-4d7a-b6b1-eb129c9c97f1User duration:23h59m59.999999148s]"
time="2024-09-18T10:27:06+05:00" level=info msg="Set UserID to Redis is successfully"
time="2024-09-18T10:27:06+05:00" level=info msg="USER ID:9289a245-3c11-4d7a-b6b1-eb129c9c97f1"
time="2024-09-18T10:27:06+05:00" level=error msg="RegisterExpense: Service error - rpc error: code = Unknown desc = pq: insert or update on table \"transactions\" violates foreign key constraint \"transactions_category_id_fkey\""
time="2024-09-18T10:31:08+05:00" level=info msg="Authorization header:Bearer eyJhbGciOiJIUzI1NiIsInR5cCI6IkpXVCJ9.eyJleHAiOjE3MjY3MjE4NDIsImlhdCI6MTcyNjYzNTQ0MiwidXNlcl9lbWFpbCI6InhhZGljaGFAZ21haWwuY29tIiwidXNlcl9pZCI6IjkyODlhMjQ1LTNjMTEtNGQ3YS1iNmIxLWViMTI5YzljOTdmMSJ9.qb3TWrPhJSiLEUSra9m9blsjGudu4fD4PrjaG7xJHrE"
time="2024-09-18T10:31:08+05:00" level=info msg="Request URL:/api/v1/transactions/expense"
time="2024-09-18T10:31:08+05:00" level=info msg="Redis data name and durationmap[data_name:9289a245-3c11-4d7a-b6b1-eb129c9c97f1User duration:23h59m59.999999733s]"
time="2024-09-18T10:31:08+05:00" level=info msg="Set UserID to Redis is successfully"
time="2024-09-18T10:31:08+05:00" level=info msg="USER ID:9289a245-3c11-4d7a-b6b1-eb129c9c97f1"
time="2024-09-18T10:31:08+05:00" level=info msg="RegisterExpense: Successfully registered expensedcbccc70-d291-445c-979d-ab4027776af1"
time="2024-09-18T10:31:22+05:00" level=info msg="Authorization header:Bearer eyJhbGciOiJIUzI1NiIsInR5cCI6IkpXVCJ9.eyJleHAiOjE3MjY3MjE4NDIsImlhdCI6MTcyNjYzNTQ0MiwidXNlcl9lbWFpbCI6InhhZGljaGFAZ21haWwuY29tIiwidXNlcl9pZCI6IjkyODlhMjQ1LTNjMTEtNGQ3YS1iNmIxLWViMTI5YzljOTdmMSJ9.qb3TWrPhJSiLEUSra9m9blsjGudu4fD4PrjaG7xJHrE"
time="2024-09-18T10:31:22+05:00" level=info msg="Request URL:/api/v1/transactions"
time="2024-09-18T10:31:22+05:00" level=info msg="Redis data name and durationmap[data_name:9289a245-3c11-4d7a-b6b1-eb129c9c97f1User duration:23h59m59.99999915s]"
time="2024-09-18T10:31:22+05:00" level=info msg="Set UserID to Redis is successfully"
time="2024-09-18T10:31:22+05:00" level=info msg="USER ID:9289a245-3c11-4d7a-b6b1-eb129c9c97f1"
time="2024-09-18T10:31:22+05:00" level=info msg="GetListIncomeVSExpense: Successfully retrieved transactions - 2"
time="2024-09-18T10:32:39+05:00" level=info msg="Authorization header:Bearer eyJhbGciOiJIUzI1NiIsInR5cCI6IkpXVCJ9.eyJleHAiOjE3MjY3MjE4NDIsImlhdCI6MTcyNjYzNTQ0MiwidXNlcl9lbWFpbCI6InhhZGljaGFAZ21haWwuY29tIiwidXNlcl9pZCI6IjkyODlhMjQ1LTNjMTEtNGQ3YS1iNmIxLWViMTI5YzljOTdmMSJ9.qb3TWrPhJSiLEUSra9m9blsjGudu4fD4PrjaG7xJHrE"
time="2024-09-18T10:32:39+05:00" level=info msg="Request URL:/api/v1/budgets"
time="2024-09-18T10:32:39+05:00" level=info msg="Redis data name and durationmap[data_name:9289a245-3c11-4d7a-b6b1-eb129c9c97f1User duration:23h59m59.999999109s]"
time="2024-09-18T10:32:39+05:00" level=info msg="Set UserID to Redis is successfully"
time="2024-09-18T10:32:39+05:00" level=info msg="USER ID:9289a245-3c11-4d7a-b6b1-eb129c9c97f1"
time="2024-09-18T10:32:39+05:00" level=error msg="CreateBudget: Service error - rpc error: code = Unknown desc = pq: insert or update on table \"budgets\" violates foreign key constraint \"budgets_category_id_fkey\""
time="2024-09-18T10:33:44+05:00" level=info msg="Authorization header:Bearer eyJhbGciOiJIUzI1NiIsInR5cCI6IkpXVCJ9.eyJleHAiOjE3MjY3MjE4NDIsImlhdCI6MTcyNjYzNTQ0MiwidXNlcl9lbWFpbCI6InhhZGljaGFAZ21haWwuY29tIiwidXNlcl9pZCI6IjkyODlhMjQ1LTNjMTEtNGQ3YS1iNmIxLWViMTI5YzljOTdmMSJ9.qb3TWrPhJSiLEUSra9m9blsjGudu4fD4PrjaG7xJHrE"
time="2024-09-18T10:33:44+05:00" level=info msg="Request URL:/api/v1/budgets"
time="2024-09-18T10:33:44+05:00" level=info msg="Redis data name and durationmap[data_name:9289a245-3c11-4d7a-b6b1-eb129c9c97f1User duration:23h59m59.999999509s]"
time="2024-09-18T10:33:44+05:00" level=info msg="Set UserID to Redis is successfully"
time="2024-09-18T10:33:44+05:00" level=info msg="USER ID:9289a245-3c11-4d7a-b6b1-eb129c9c97f1"
time="2024-09-18T10:33:44+05:00" level=info msg="CreateBudget: Successfully created budget - e4816d84-e0db-441f-9d18-9724e12fe4f7"
time="2024-09-18T10:34:03+05:00" level=info msg="Authorization header:Bearer eyJhbGciOiJIUzI1NiIsInR5cCI6IkpXVCJ9.eyJleHAiOjE3MjY3MjE4NDIsImlhdCI6MTcyNjYzNTQ0MiwidXNlcl9lbWFpbCI6InhhZGljaGFAZ21haWwuY29tIiwidXNlcl9pZCI6IjkyODlhMjQ1LTNjMTEtNGQ3YS1iNmIxLWViMTI5YzljOTdmMSJ9.qb3TWrPhJSiLEUSra9m9blsjGudu4fD4PrjaG7xJHrE"
time="2024-09-18T10:34:03+05:00" level=info msg="Request URL:/api/v1/budgets"
time="2024-09-18T10:34:03+05:00" level=info msg="Redis data name and durationmap[data_name:9289a245-3c11-4d7a-b6b1-eb129c9c97f1User duration:23h59m59.999999533s]"
time="2024-09-18T10:34:03+05:00" level=info msg="Set UserID to Redis is successfully"
time="2024-09-18T10:34:03+05:00" level=info msg="USER ID:9289a245-3c11-4d7a-b6b1-eb129c9c97f1"
time="2024-09-18T10:34:03+05:00" level=info msg="GetListBudget: Successfully retrieved list budgets - 1"
time="2024-09-18T10:34:44+05:00" level=info msg="Authorization header:Bearer eyJhbGciOiJIUzI1NiIsInR5cCI6IkpXVCJ9.eyJleHAiOjE3MjY3MjE4NDIsImlhdCI6MTcyNjYzNTQ0MiwidXNlcl9lbWFpbCI6InhhZGljaGFAZ21haWwuY29tIiwidXNlcl9pZCI6IjkyODlhMjQ1LTNjMTEtNGQ3YS1iNmIxLWViMTI5YzljOTdmMSJ9.qb3TWrPhJSiLEUSra9m9blsjGudu4fD4PrjaG7xJHrE"
time="2024-09-18T10:34:44+05:00" level=info msg="Request URL:/api/v1/budgets/e4816d84-e0db-441f-9d18-9724e12fe4f7"
time="2024-09-18T10:34:44+05:00" level=info msg="Redis data name and durationmap[data_name:9289a245-3c11-4d7a-b6b1-eb129c9c97f1User duration:23h59m59.999999163s]"
time="2024-09-18T10:34:44+05:00" level=info msg="Set UserID to Redis is successfully"
time="2024-09-18T10:34:44+05:00" level=info msg="USER ID:9289a245-3c11-4d7a-b6b1-eb129c9c97f1"
time="2024-09-18T10:34:44+05:00" level=info msg="UpdateBudhet: Successfully updated budget"
time="2024-09-18T10:35:24+05:00" level=info msg="Authorization header:Bearer eyJhbGciOiJIUzI1NiIsInR5cCI6IkpXVCJ9.eyJleHAiOjE3MjY3MjE4NDIsImlhdCI6MTcyNjYzNTQ0MiwidXNlcl9lbWFpbCI6InhhZGljaGFAZ21haWwuY29tIiwidXNlcl9pZCI6IjkyODlhMjQ1LTNjMTEtNGQ3YS1iNmIxLWViMTI5YzljOTdmMSJ9.qb3TWrPhJSiLEUSra9m9blsjGudu4fD4PrjaG7xJHrE"
time="2024-09-18T10:35:24+05:00" level=info msg="Request URL:/api/v1/reports/income-expense"
time="2024-09-18T10:35:24+05:00" level=info msg="Redis data name and durationmap[data_name:9289a245-3c11-4d7a-b6b1-eb129c9c97f1User duration:23h59m59.999999445s]"
time="2024-09-18T10:35:24+05:00" level=info msg="Set UserID to Redis is successfully"
time="2024-09-18T10:35:24+05:00" level=info msg="USER ID:9289a245-3c11-4d7a-b6b1-eb129c9c97f1"
time="2024-09-18T10:35:24+05:00" level=info msg="GetTotalReports: Successfully retrieved reports"
time="2024-09-18T10:35:29+05:00" level=info msg="Authorization header:Bearer eyJhbGciOiJIUzI1NiIsInR5cCI6IkpXVCJ9.eyJleHAiOjE3MjY3MjE4NDIsImlhdCI6MTcyNjYzNTQ0MiwidXNlcl9lbWFpbCI6InhhZGljaGFAZ21haWwuY29tIiwidXNlcl9pZCI6IjkyODlhMjQ1LTNjMTEtNGQ3YS1iNmIxLWViMTI5YzljOTdmMSJ9.qb3TWrPhJSiLEUSra9m9blsjGudu4fD4PrjaG7xJHrE"
time="2024-09-18T10:35:29+05:00" level=info msg="Request URL:/api/v1/reports/spending-by-category"
time="2024-09-18T10:35:29+05:00" level=info msg="Redis data name and durationmap[data_name:9289a245-3c11-4d7a-b6b1-eb129c9c97f1User duration:23h59m59.999999056s]"
time="2024-09-18T10:35:29+05:00" level=info msg="Set UserID to Redis is successfully"
time="2024-09-18T10:35:29+05:00" level=info msg="USER ID:9289a245-3c11-4d7a-b6b1-eb129c9c97f1"
time="2024-09-18T10:35:29+05:00" level=info msg="GetReportsByCategory: Successfully retrieved reports by category"
time="2024-09-18T10:35:50+05:00" level=info msg="Received signal:interrupt"
time="2024-09-18T10:35:50+05:00" level=fatal msg="http: Server closed"
